[0m10:48:36.803750 [debug] [MainThread]: Sending event: {'category': 'dbt', 'action': 'invocation', 'label': 'start', 'context': [<snowplow_tracker.self_describing_json.SelfDescribingJson object at 0x7f56038ab760>, <snowplow_tracker.self_describing_json.SelfDescribingJson object at 0x7f5601886d10>, <snowplow_tracker.self_describing_json.SelfDescribingJson object at 0x7f5601886cb0>]}


============================== 10:48:36.806297 | b0d8a46d-e0f9-4e7f-89ae-7c9973dde716 ==============================
[0m10:48:36.806297 [info ] [MainThread]: Running with dbt=1.7.3
[0m10:48:36.806617 [debug] [MainThread]: running dbt with arguments {'printer_width': '80', 'indirect_selection': 'eager', 'write_json': 'True', 'log_cache_events': 'False', 'partial_parse': 'True', 'cache_selected_only': 'False', 'profiles_dir': '/home/mbele/.dbt', 'debug': 'False', 'warn_error': 'None', 'log_path': 'logs', 'fail_fast': 'False', 'version_check': 'True', 'use_colors': 'True', 'use_experimental_parser': 'False', 'no_print': 'None', 'quiet': 'False', 'log_format': 'default', 'introspect': 'True', 'warn_error_options': 'WarnErrorOptions(include=[], exclude=[])', 'static_parser': 'True', 'target_path': 'None', 'invocation_command': 'dbt init', 'send_anonymous_usage_stats': 'True'}
[0m10:48:36.806878 [warn ] [MainThread]: [ConfigFolderDirectory]: Unable to parse dict {'dir': PosixPath('/home/mbele/.dbt')}
[0m10:48:36.807076 [info ] [MainThread]: Creating dbt configuration folder at 
[0m10:51:21.147762 [debug] [MainThread]: Starter project path: /home/mbele/Mbele/dbt/dbt-env/lib/python3.10/site-packages/dbt/include/starter_project
[0m10:51:21.154635 [info ] [MainThread]: 
Your new dbt project "mbele" was created!

For more information on how to configure the profiles.yml file,
please consult the dbt documentation here:

  https://docs.getdbt.com/docs/configure-your-profile

One more thing:

Need help? Don't hesitate to reach out to us via GitHub issues or on Slack:

  https://community.getdbt.com/

Happy modeling!

[0m10:51:21.155588 [info ] [MainThread]: Setting up your profile.
[0m10:57:55.070327 [info ] [MainThread]: Profile mbele written to /home/mbele/.dbt/profiles.yml using target's profile_template.yml and your supplied values. Run 'dbt debug' to validate the connection.
[0m10:57:55.072634 [debug] [MainThread]: Resource report: {"command_name": "init", "command_success": true, "command_wall_clock_time": 558.26996, "process_user_time": 1.064231, "process_kernel_time": 0.032127, "process_mem_max_rss": "93744", "process_in_blocks": "1048", "process_out_blocks": "88"}
[0m10:57:55.073915 [debug] [MainThread]: Command `dbt init` succeeded at 10:57:55.073580 after 558.27 seconds
[0m10:57:55.074745 [debug] [MainThread]: Sending event: {'category': 'dbt', 'action': 'invocation', 'label': 'end', 'context': [<snowplow_tracker.self_describing_json.SelfDescribingJson object at 0x7f56038ab760>, <snowplow_tracker.self_describing_json.SelfDescribingJson object at 0x7f56019603a0>, <snowplow_tracker.self_describing_json.SelfDescribingJson object at 0x7f5601887a60>]}
[0m10:57:55.075551 [debug] [MainThread]: Flushing usage events
